{
  "uid" : "6592a40d27a25edd",
  "name" : "Add and delete all books",
  "fullName" : "Tests.loginAddAndDeleteBooks",
  "historyId" : "de3021ed13eb1081eea1afdaa54ab142",
  "time" : {
    "start" : 1620140357598,
    "stop" : 1620140372196,
    "duration" : 14598
  },
  "description" : "This test logs user in, adds books from bookstore and then deletes books differently from profile",
  "descriptionHtml" : "<p>This test logs user in, adds books from bookstore and then deletes books differently from profile</p>\n",
  "status" : "failed",
  "statusMessage" : "Invalid element state: element click intercepted: Element <div class=\"text-right fullButton\">...</div> is not clickable at point (895, 638). Other element would receive the click: <footer>...</footer>\r\nScreenshot: file:/C:/Users/monolith/.jenkins/workspace/mation-2020_jenkins-ci-cd-reboot/build/reports/tests/1620140371324.0.png\r\nPage source: file:/C:/Users/monolith/.jenkins/workspace/mation-2020_jenkins-ci-cd-reboot/build/reports/tests/1620140371324.0.html\r\nTimeout: 4 s.\r\nCaused by: ElementClickInterceptedException: element click intercepted: Element <div class=\"text-right fullButton\">...</div> is not clickable at point (895, 638). Other element would receive the click: <footer>...</footer>",
  "statusTrace" : "Invalid element state: element click intercepted: Element <div class=\"text-right fullButton\">...</div> is not clickable at point (895, 638). Other element would receive the click: <footer>...</footer>\r\nScreenshot: file:/C:/Users/monolith/.jenkins/workspace/mation-2020_jenkins-ci-cd-reboot/build/reports/tests/1620140371324.0.png\r\nPage source: file:/C:/Users/monolith/.jenkins/workspace/mation-2020_jenkins-ci-cd-reboot/build/reports/tests/1620140371324.0.html\r\nTimeout: 4 s.\r\nCaused by: ElementClickInterceptedException: element click intercepted: Element <div class=\"text-right fullButton\">...</div> is not clickable at point (895, 638). Other element would receive the click: <footer>...</footer>\r\n\tat com.codeborne.selenide.impl.ExceptionWrapper.wrap(ExceptionWrapper.java:26)\r\n\tat com.codeborne.selenide.impl.SelenideElementProxy.dispatchAndRetry(SelenideElementProxy.java:149)\r\n\tat com.codeborne.selenide.impl.SelenideElementProxy.invoke(SelenideElementProxy.java:79)\r\n\tat com.sun.proxy.$Proxy11.click(Unknown Source)\r\n\tat frontend.steps.BookStoreBooksSteps.AddTwoBooksAndValidatePopup(BookStoreBooksSteps.java:83)\r\n\tat Tests.loginAddAndDeleteBooks(Tests.java:239)\r\n\tat java.base/jdk.internal.reflect.NativeMethodAccessorImpl.invoke0(Native Method)\r\n\tat java.base/jdk.internal.reflect.NativeMethodAccessorImpl.invoke(NativeMethodAccessorImpl.java:62)\r\n\tat java.base/jdk.internal.reflect.DelegatingMethodAccessorImpl.invoke(DelegatingMethodAccessorImpl.java:43)\r\n\tat java.base/java.lang.reflect.Method.invoke(Method.java:566)\r\n\tat org.testng.internal.MethodInvocationHelper.invokeMethod(MethodInvocationHelper.java:134)\r\n\tat org.testng.internal.TestInvoker.invokeMethod(TestInvoker.java:597)\r\n\tat org.testng.internal.TestInvoker.invokeTestMethod(TestInvoker.java:173)\r\n\tat org.testng.internal.MethodRunner.runInSequence(MethodRunner.java:46)\r\n\tat org.testng.internal.TestInvoker$MethodInvocationAgent.invoke(TestInvoker.java:816)\r\n\tat org.testng.internal.TestInvoker.invokeTestMethods(TestInvoker.java:146)\r\n\tat org.testng.internal.TestMethodWorker.invokeTestMethods(TestMethodWorker.java:146)\r\n\tat org.testng.internal.TestMethodWorker.run(TestMethodWorker.java:128)\r\n\tat java.base/java.util.concurrent.ThreadPoolExecutor.runWorker(ThreadPoolExecutor.java:1128)\r\n\tat java.base/java.util.concurrent.ThreadPoolExecutor$Worker.run(ThreadPoolExecutor.java:628)\r\n\tat java.base/java.lang.Thread.run(Thread.java:834)\r\nCaused by: org.openqa.selenium.ElementClickInterceptedException: element click intercepted: Element <div class=\"text-right fullButton\">...</div> is not clickable at point (895, 638). Other element would receive the click: <footer>...</footer>\n  (Session info: chrome=90.0.4430.93)\nBuild info: version: '3.141.59', revision: 'e82be7d358', time: '2018-11-14T08:17:03'\nSystem info: host: 'DESKTOP-BSJ5I2T', ip: '192.168.0.109', os.name: 'Windows 10', os.arch: 'amd64', os.version: '10.0', java.version: '11.0.10'\nDriver info: org.openqa.selenium.chrome.ChromeDriver\nCapabilities {acceptInsecureCerts: true, browserName: chrome, browserVersion: 90.0.4430.93, chrome: {chromedriverVersion: 90.0.4430.24 (4c6d850f087da..., userDataDir: C:\\Users\\monolith\\AppData\\L...}, goog:chromeOptions: {debuggerAddress: localhost:59513}, javascriptEnabled: true, networkConnectionEnabled: false, pageLoadStrategy: normal, platform: WINDOWS, platformName: WINDOWS, proxy: Proxy(), setWindowRect: true, strictFileInteractability: false, timeouts: {implicit: 0, pageLoad: 300000, script: 30000}, unhandledPromptBehavior: dismiss and notify, webauthn:extension:largeBlob: true, webauthn:virtualAuthenticators: true}\nSession ID: e43131a78921fd02163f92047506af12\r\n\tat java.base/jdk.internal.reflect.NativeConstructorAccessorImpl.newInstance0(Native Method)\r\n\tat java.base/jdk.internal.reflect.NativeConstructorAccessorImpl.newInstance(NativeConstructorAccessorImpl.java:62)\r\n\tat java.base/jdk.internal.reflect.DelegatingConstructorAccessorImpl.newInstance(DelegatingConstructorAccessorImpl.java:45)\r\n\tat java.base/java.lang.reflect.Constructor.newInstance(Constructor.java:490)\r\n\tat org.openqa.selenium.remote.http.W3CHttpResponseCodec.createException(W3CHttpResponseCodec.java:187)\r\n\tat org.openqa.selenium.remote.http.W3CHttpResponseCodec.decode(W3CHttpResponseCodec.java:122)\r\n\tat org.openqa.selenium.remote.http.W3CHttpResponseCodec.decode(W3CHttpResponseCodec.java:49)\r\n\tat org.openqa.selenium.remote.HttpCommandExecutor.execute(HttpCommandExecutor.java:158)\r\n\tat org.openqa.selenium.remote.service.DriverCommandExecutor.execute(DriverCommandExecutor.java:83)\r\n\tat org.openqa.selenium.remote.RemoteWebDriver.execute(RemoteWebDriver.java:552)\r\n\tat org.openqa.selenium.remote.RemoteWebElement.execute(RemoteWebElement.java:285)\r\n\tat org.openqa.selenium.remote.RemoteWebElement.click(RemoteWebElement.java:84)\r\n\tat com.codeborne.selenide.commands.Click.click(Click.java:44)\r\n\tat com.codeborne.selenide.commands.Click.execute(Click.java:25)\r\n\tat com.codeborne.selenide.commands.Click.execute(Click.java:15)\r\n\tat com.codeborne.selenide.commands.Commands.execute(Commands.java:154)\r\n\tat com.codeborne.selenide.impl.SelenideElementProxy.dispatchAndRetry(SelenideElementProxy.java:127)\r\n\t... 19 more\r\n",
  "flaky" : false,
  "newFailed" : false,
  "beforeStages" : [ ],
  "testStage" : {
    "description" : "This test logs user in, adds books from bookstore and then deletes books differently from profile",
    "status" : "failed",
    "statusMessage" : "Invalid element state: element click intercepted: Element <div class=\"text-right fullButton\">...</div> is not clickable at point (895, 638). Other element would receive the click: <footer>...</footer>\r\nScreenshot: file:/C:/Users/monolith/.jenkins/workspace/mation-2020_jenkins-ci-cd-reboot/build/reports/tests/1620140371324.0.png\r\nPage source: file:/C:/Users/monolith/.jenkins/workspace/mation-2020_jenkins-ci-cd-reboot/build/reports/tests/1620140371324.0.html\r\nTimeout: 4 s.\r\nCaused by: ElementClickInterceptedException: element click intercepted: Element <div class=\"text-right fullButton\">...</div> is not clickable at point (895, 638). Other element would receive the click: <footer>...</footer>",
    "statusTrace" : "Invalid element state: element click intercepted: Element <div class=\"text-right fullButton\">...</div> is not clickable at point (895, 638). Other element would receive the click: <footer>...</footer>\r\nScreenshot: file:/C:/Users/monolith/.jenkins/workspace/mation-2020_jenkins-ci-cd-reboot/build/reports/tests/1620140371324.0.png\r\nPage source: file:/C:/Users/monolith/.jenkins/workspace/mation-2020_jenkins-ci-cd-reboot/build/reports/tests/1620140371324.0.html\r\nTimeout: 4 s.\r\nCaused by: ElementClickInterceptedException: element click intercepted: Element <div class=\"text-right fullButton\">...</div> is not clickable at point (895, 638). Other element would receive the click: <footer>...</footer>\r\n\tat com.codeborne.selenide.impl.ExceptionWrapper.wrap(ExceptionWrapper.java:26)\r\n\tat com.codeborne.selenide.impl.SelenideElementProxy.dispatchAndRetry(SelenideElementProxy.java:149)\r\n\tat com.codeborne.selenide.impl.SelenideElementProxy.invoke(SelenideElementProxy.java:79)\r\n\tat com.sun.proxy.$Proxy11.click(Unknown Source)\r\n\tat frontend.steps.BookStoreBooksSteps.AddTwoBooksAndValidatePopup(BookStoreBooksSteps.java:83)\r\n\tat Tests.loginAddAndDeleteBooks(Tests.java:239)\r\n\tat java.base/jdk.internal.reflect.NativeMethodAccessorImpl.invoke0(Native Method)\r\n\tat java.base/jdk.internal.reflect.NativeMethodAccessorImpl.invoke(NativeMethodAccessorImpl.java:62)\r\n\tat java.base/jdk.internal.reflect.DelegatingMethodAccessorImpl.invoke(DelegatingMethodAccessorImpl.java:43)\r\n\tat java.base/java.lang.reflect.Method.invoke(Method.java:566)\r\n\tat org.testng.internal.MethodInvocationHelper.invokeMethod(MethodInvocationHelper.java:134)\r\n\tat org.testng.internal.TestInvoker.invokeMethod(TestInvoker.java:597)\r\n\tat org.testng.internal.TestInvoker.invokeTestMethod(TestInvoker.java:173)\r\n\tat org.testng.internal.MethodRunner.runInSequence(MethodRunner.java:46)\r\n\tat org.testng.internal.TestInvoker$MethodInvocationAgent.invoke(TestInvoker.java:816)\r\n\tat org.testng.internal.TestInvoker.invokeTestMethods(TestInvoker.java:146)\r\n\tat org.testng.internal.TestMethodWorker.invokeTestMethods(TestMethodWorker.java:146)\r\n\tat org.testng.internal.TestMethodWorker.run(TestMethodWorker.java:128)\r\n\tat java.base/java.util.concurrent.ThreadPoolExecutor.runWorker(ThreadPoolExecutor.java:1128)\r\n\tat java.base/java.util.concurrent.ThreadPoolExecutor$Worker.run(ThreadPoolExecutor.java:628)\r\n\tat java.base/java.lang.Thread.run(Thread.java:834)\r\nCaused by: org.openqa.selenium.ElementClickInterceptedException: element click intercepted: Element <div class=\"text-right fullButton\">...</div> is not clickable at point (895, 638). Other element would receive the click: <footer>...</footer>\n  (Session info: chrome=90.0.4430.93)\nBuild info: version: '3.141.59', revision: 'e82be7d358', time: '2018-11-14T08:17:03'\nSystem info: host: 'DESKTOP-BSJ5I2T', ip: '192.168.0.109', os.name: 'Windows 10', os.arch: 'amd64', os.version: '10.0', java.version: '11.0.10'\nDriver info: org.openqa.selenium.chrome.ChromeDriver\nCapabilities {acceptInsecureCerts: true, browserName: chrome, browserVersion: 90.0.4430.93, chrome: {chromedriverVersion: 90.0.4430.24 (4c6d850f087da..., userDataDir: C:\\Users\\monolith\\AppData\\L...}, goog:chromeOptions: {debuggerAddress: localhost:59513}, javascriptEnabled: true, networkConnectionEnabled: false, pageLoadStrategy: normal, platform: WINDOWS, platformName: WINDOWS, proxy: Proxy(), setWindowRect: true, strictFileInteractability: false, timeouts: {implicit: 0, pageLoad: 300000, script: 30000}, unhandledPromptBehavior: dismiss and notify, webauthn:extension:largeBlob: true, webauthn:virtualAuthenticators: true}\nSession ID: e43131a78921fd02163f92047506af12\r\n\tat java.base/jdk.internal.reflect.NativeConstructorAccessorImpl.newInstance0(Native Method)\r\n\tat java.base/jdk.internal.reflect.NativeConstructorAccessorImpl.newInstance(NativeConstructorAccessorImpl.java:62)\r\n\tat java.base/jdk.internal.reflect.DelegatingConstructorAccessorImpl.newInstance(DelegatingConstructorAccessorImpl.java:45)\r\n\tat java.base/java.lang.reflect.Constructor.newInstance(Constructor.java:490)\r\n\tat org.openqa.selenium.remote.http.W3CHttpResponseCodec.createException(W3CHttpResponseCodec.java:187)\r\n\tat org.openqa.selenium.remote.http.W3CHttpResponseCodec.decode(W3CHttpResponseCodec.java:122)\r\n\tat org.openqa.selenium.remote.http.W3CHttpResponseCodec.decode(W3CHttpResponseCodec.java:49)\r\n\tat org.openqa.selenium.remote.HttpCommandExecutor.execute(HttpCommandExecutor.java:158)\r\n\tat org.openqa.selenium.remote.service.DriverCommandExecutor.execute(DriverCommandExecutor.java:83)\r\n\tat org.openqa.selenium.remote.RemoteWebDriver.execute(RemoteWebDriver.java:552)\r\n\tat org.openqa.selenium.remote.RemoteWebElement.execute(RemoteWebElement.java:285)\r\n\tat org.openqa.selenium.remote.RemoteWebElement.click(RemoteWebElement.java:84)\r\n\tat com.codeborne.selenide.commands.Click.click(Click.java:44)\r\n\tat com.codeborne.selenide.commands.Click.execute(Click.java:25)\r\n\tat com.codeborne.selenide.commands.Click.execute(Click.java:15)\r\n\tat com.codeborne.selenide.commands.Commands.execute(Commands.java:154)\r\n\tat com.codeborne.selenide.impl.SelenideElementProxy.dispatchAndRetry(SelenideElementProxy.java:127)\r\n\t... 19 more\r\n",
    "steps" : [ {
      "name" : "Enter username user0000000001925925345",
      "time" : {
        "start" : 1620140359954,
        "stop" : 1620140360942,
        "duration" : 988
      },
      "status" : "passed",
      "steps" : [ ],
      "attachments" : [ ],
      "parameters" : [ {
        "name" : "username",
        "value" : "user0000000001925925345"
      } ],
      "hasContent" : true,
      "stepsCount" : 0,
      "attachmentsCount" : 0,
      "shouldDisplayMessage" : false
    }, {
      "name" : "Enter password Automation@!@123",
      "time" : {
        "start" : 1620140360942,
        "stop" : 1620140362494,
        "duration" : 1552
      },
      "status" : "passed",
      "steps" : [ ],
      "attachments" : [ ],
      "parameters" : [ {
        "name" : "password",
        "value" : "Automation@!@123"
      } ],
      "hasContent" : true,
      "stepsCount" : 0,
      "attachmentsCount" : 0,
      "shouldDisplayMessage" : false
    }, {
      "name" : "Goes to bookstore from login page",
      "time" : {
        "start" : 1620140362960,
        "stop" : 1620140364182,
        "duration" : 1222
      },
      "status" : "passed",
      "steps" : [ ],
      "attachments" : [ ],
      "parameters" : [ ],
      "hasContent" : false,
      "stepsCount" : 0,
      "attachmentsCount" : 0,
      "shouldDisplayMessage" : false
    }, {
      "name" : "AddTwoBooksAndValidatePopup",
      "time" : {
        "start" : 1620140364183,
        "stop" : 1620140371950,
        "duration" : 7767
      },
      "status" : "failed",
      "statusMessage" : "Invalid element state: element click intercepted: Element <div class=\"text-right fullButton\">...</div> is not clickable at point (895, 638). Other element would receive the click: <footer>...</footer>\r\nScreenshot: file:/C:/Users/monolith/.jenkins/workspace/mation-2020_jenkins-ci-cd-reboot/build/reports/tests/1620140371324.0.png\r\nPage source: file:/C:/Users/monolith/.jenkins/workspace/mation-2020_jenkins-ci-cd-reboot/build/reports/tests/1620140371324.0.html\r\nTimeout: 4 s.\r\nCaused by: ElementClickInterceptedException: element click intercepted: Element <div class=\"text-right fullButton\">...</div> is not clickable at point (895, 638). Other element would receive the click: <footer>...</footer>",
      "statusTrace" : "Invalid element state: element click intercepted: Element <div class=\"text-right fullButton\">...</div> is not clickable at point (895, 638). Other element would receive the click: <footer>...</footer>\r\nScreenshot: file:/C:/Users/monolith/.jenkins/workspace/mation-2020_jenkins-ci-cd-reboot/build/reports/tests/1620140371324.0.png\r\nPage source: file:/C:/Users/monolith/.jenkins/workspace/mation-2020_jenkins-ci-cd-reboot/build/reports/tests/1620140371324.0.html\r\nTimeout: 4 s.\r\nCaused by: ElementClickInterceptedException: element click intercepted: Element <div class=\"text-right fullButton\">...</div> is not clickable at point (895, 638). Other element would receive the click: <footer>...</footer>\r\n\tat com.codeborne.selenide.impl.ExceptionWrapper.wrap(ExceptionWrapper.java:26)\r\n\tat com.codeborne.selenide.impl.SelenideElementProxy.dispatchAndRetry(SelenideElementProxy.java:149)\r\n\tat com.codeborne.selenide.impl.SelenideElementProxy.invoke(SelenideElementProxy.java:79)\r\n\tat com.sun.proxy.$Proxy11.click(Unknown Source)\r\n\tat frontend.steps.BookStoreBooksSteps.AddTwoBooksAndValidatePopup(BookStoreBooksSteps.java:83)\r\n\tat Tests.loginAddAndDeleteBooks(Tests.java:239)\r\n\tat java.base/jdk.internal.reflect.NativeMethodAccessorImpl.invoke0(Native Method)\r\n\tat java.base/jdk.internal.reflect.NativeMethodAccessorImpl.invoke(NativeMethodAccessorImpl.java:62)\r\n\tat java.base/jdk.internal.reflect.DelegatingMethodAccessorImpl.invoke(DelegatingMethodAccessorImpl.java:43)\r\n\tat java.base/java.lang.reflect.Method.invoke(Method.java:566)\r\n\tat org.testng.internal.MethodInvocationHelper.invokeMethod(MethodInvocationHelper.java:134)\r\n\tat org.testng.internal.TestInvoker.invokeMethod(TestInvoker.java:597)\r\n\tat org.testng.internal.TestInvoker.invokeTestMethod(TestInvoker.java:173)\r\n\tat org.testng.internal.MethodRunner.runInSequence(MethodRunner.java:46)\r\n\tat org.testng.internal.TestInvoker$MethodInvocationAgent.invoke(TestInvoker.java:816)\r\n\tat org.testng.internal.TestInvoker.invokeTestMethods(TestInvoker.java:146)\r\n\tat org.testng.internal.TestMethodWorker.invokeTestMethods(TestMethodWorker.java:146)\r\n\tat org.testng.internal.TestMethodWorker.run(TestMethodWorker.java:128)\r\n\tat java.base/java.util.concurrent.ThreadPoolExecutor.runWorker(ThreadPoolExecutor.java:1128)\r\n\tat java.base/java.util.concurrent.ThreadPoolExecutor$Worker.run(ThreadPoolExecutor.java:628)\r\n\tat java.base/java.lang.Thread.run(Thread.java:834)\r\nCaused by: org.openqa.selenium.ElementClickInterceptedException: element click intercepted: Element <div class=\"text-right fullButton\">...</div> is not clickable at point (895, 638). Other element would receive the click: <footer>...</footer>\n  (Session info: chrome=90.0.4430.93)\nBuild info: version: '3.141.59', revision: 'e82be7d358', time: '2018-11-14T08:17:03'\nSystem info: host: 'DESKTOP-BSJ5I2T', ip: '192.168.0.109', os.name: 'Windows 10', os.arch: 'amd64', os.version: '10.0', java.version: '11.0.10'\nDriver info: org.openqa.selenium.chrome.ChromeDriver\nCapabilities {acceptInsecureCerts: true, browserName: chrome, browserVersion: 90.0.4430.93, chrome: {chromedriverVersion: 90.0.4430.24 (4c6d850f087da..., userDataDir: C:\\Users\\monolith\\AppData\\L...}, goog:chromeOptions: {debuggerAddress: localhost:59513}, javascriptEnabled: true, networkConnectionEnabled: false, pageLoadStrategy: normal, platform: WINDOWS, platformName: WINDOWS, proxy: Proxy(), setWindowRect: true, strictFileInteractability: false, timeouts: {implicit: 0, pageLoad: 300000, script: 30000}, unhandledPromptBehavior: dismiss and notify, webauthn:extension:largeBlob: true, webauthn:virtualAuthenticators: true}\nSession ID: e43131a78921fd02163f92047506af12\r\n\tat java.base/jdk.internal.reflect.NativeConstructorAccessorImpl.newInstance0(Native Method)\r\n\tat java.base/jdk.internal.reflect.NativeConstructorAccessorImpl.newInstance(NativeConstructorAccessorImpl.java:62)\r\n\tat java.base/jdk.internal.reflect.DelegatingConstructorAccessorImpl.newInstance(DelegatingConstructorAccessorImpl.java:45)\r\n\tat java.base/java.lang.reflect.Constructor.newInstance(Constructor.java:490)\r\n\tat org.openqa.selenium.remote.http.W3CHttpResponseCodec.createException(W3CHttpResponseCodec.java:187)\r\n\tat org.openqa.selenium.remote.http.W3CHttpResponseCodec.decode(W3CHttpResponseCodec.java:122)\r\n\tat org.openqa.selenium.remote.http.W3CHttpResponseCodec.decode(W3CHttpResponseCodec.java:49)\r\n\tat org.openqa.selenium.remote.HttpCommandExecutor.execute(HttpCommandExecutor.java:158)\r\n\tat org.openqa.selenium.remote.service.DriverCommandExecutor.execute(DriverCommandExecutor.java:83)\r\n\tat org.openqa.selenium.remote.RemoteWebDriver.execute(RemoteWebDriver.java:552)\r\n\tat org.openqa.selenium.remote.RemoteWebElement.execute(RemoteWebElement.java:285)\r\n\tat org.openqa.selenium.remote.RemoteWebElement.click(RemoteWebElement.java:84)\r\n\tat com.codeborne.selenide.commands.Click.click(Click.java:44)\r\n\tat com.codeborne.selenide.commands.Click.execute(Click.java:25)\r\n\tat com.codeborne.selenide.commands.Click.execute(Click.java:15)\r\n\tat com.codeborne.selenide.commands.Commands.execute(Commands.java:154)\r\n\tat com.codeborne.selenide.impl.SelenideElementProxy.dispatchAndRetry(SelenideElementProxy.java:127)\r\n\t... 19 more\r\n",
      "steps" : [ ],
      "attachments" : [ ],
      "parameters" : [ ],
      "hasContent" : true,
      "stepsCount" : 0,
      "attachmentsCount" : 0,
      "shouldDisplayMessage" : true
    } ],
    "attachments" : [ {
      "uid" : "290e2ab31d3cb0dd",
      "name" : "Screenshot",
      "source" : "290e2ab31d3cb0dd.png",
      "type" : "image/png",
      "size" : 225974
    }, {
      "uid" : "bb2447ec24fbb394",
      "name" : "Stacktrace",
      "source" : "bb2447ec24fbb394.txt",
      "type" : "text/plain",
      "size" : 50
    } ],
    "parameters" : [ ],
    "hasContent" : true,
    "stepsCount" : 4,
    "attachmentsCount" : 2,
    "shouldDisplayMessage" : false
  },
  "afterStages" : [ ],
  "labels" : [ {
    "name" : "package",
    "value" : "Tests"
  }, {
    "name" : "testClass",
    "value" : "Tests"
  }, {
    "name" : "testMethod",
    "value" : "loginAddAndDeleteBooks"
  }, {
    "name" : "parentSuite",
    "value" : "test_suite"
  }, {
    "name" : "suite",
    "value" : "Groups"
  }, {
    "name" : "subSuite",
    "value" : "Tests"
  }, {
    "name" : "host",
    "value" : "DESKTOP-BSJ5I2T"
  }, {
    "name" : "thread",
    "value" : "14208@DESKTOP-BSJ5I2T.TestNG-test=Groups-3(17)"
  }, {
    "name" : "framework",
    "value" : "testng"
  }, {
    "name" : "language",
    "value" : "java"
  }, {
    "name" : "feature",
    "value" : "Delete books"
  }, {
    "name" : "story",
    "value" : "Add books for a new user, delete one and then delete all."
  }, {
    "name" : "epic",
    "value" : "Books"
  }, {
    "name" : "feature",
    "value" : "Add books"
  }, {
    "name" : "resultFormat",
    "value" : "allure2"
  } ],
  "parameters" : [ ],
  "links" : [ ],
  "hidden" : false,
  "retry" : false,
  "extra" : {
    "severity" : "normal",
    "retries" : [ ],
    "categories" : [ {
      "name" : "Product defects",
      "matchedStatuses" : [ ],
      "flaky" : false
    } ],
    "tags" : [ ]
  },
  "source" : "6592a40d27a25edd.json",
  "parameterValues" : [ ]
}